<?xml version="1.0" encoding="UTF-8"?>
<testsuite name="Insurance Test - chrome"
           tests="5"
           failures="0"
           errors="0"
           skipped="0"
           time="31.380">
    <properties></properties>



            <testcase
                name="Test_003_postRatingAndReview"
                time="11.611"
                classname="com.assignment.tests.InsuranceTest">
            </testcase>
            <testcase
                name="Test_001_landingPageTitleCheck"
                time="0.310"
                classname="com.assignment.tests.InsuranceTest">
            </testcase>
            <testcase
                name="Test_004_verifyReviewFeed"
                time="3.143"
                classname="com.assignment.tests.InsuranceTest">
            </testcase>
            <testcase
                name="Test_002_login"
                time="13.490"
                classname="com.assignment.tests.InsuranceTest">
            </testcase>
            <testcase
                name="Test_005_verifyReviewFromProfile"
                time="2.826"
                classname="com.assignment.tests.InsuranceTest">
            </testcase>
</testsuite>
